0 info it worked if it ends with ok
1 verbose cli [ 'node',
1 verbose cli   '/Users/anthony/.nvm/v0.10.40/bin/npm',
1 verbose cli   'install',
1 verbose cli   '-g',
1 verbose cli   'ios-deploy' ]
2 info using npm@3.3.12
3 info using node@v0.10.40
4 silly loadCurrentTree Starting
5 silly install loadCurrentTree
6 silly install readGlobalPackageData
7 silly fetchPackageMetaData ios-deploy
8 silly fetchNamedPackageData ios-deploy
9 silly mapToRegistry name ios-deploy
10 silly mapToRegistry using default registry
11 silly mapToRegistry registry https://registry.npmjs.org/
12 silly mapToRegistry uri https://registry.npmjs.org/ios-deploy
13 verbose request uri https://registry.npmjs.org/ios-deploy
14 verbose request no auth needed
15 info attempt registry request try #1 at 14:54:35
16 verbose request id be87bce1b129c5a0
17 http request GET https://registry.npmjs.org/ios-deploy
18 http 200 https://registry.npmjs.org/ios-deploy
19 verbose headers { server: 'CouchDB/1.5.0 (Erlang OTP/R16B03)',
19 verbose headers   etag: '"33W06N958TKM5FZSWXU6YS6UE"',
19 verbose headers   'content-type': 'application/json',
19 verbose headers   'cache-control': 'max-age=60',
19 verbose headers   'content-length': '31028',
19 verbose headers   'accept-ranges': 'bytes',
19 verbose headers   date: 'Mon, 09 Nov 2015 14:54:35 GMT',
19 verbose headers   via: '1.1 varnish',
19 verbose headers   age: '0',
19 verbose headers   connection: 'keep-alive',
19 verbose headers   'x-served-by': 'cache-lcy1126-LCY',
19 verbose headers   'x-cache': 'HIT',
19 verbose headers   'x-cache-hits': '1',
19 verbose headers   'x-timer': 'S1447080875.857236,VS0,VE100',
19 verbose headers   vary: 'Accept' }
20 silly get cb [ 200,
20 silly get   { server: 'CouchDB/1.5.0 (Erlang OTP/R16B03)',
20 silly get     etag: '"33W06N958TKM5FZSWXU6YS6UE"',
20 silly get     'content-type': 'application/json',
20 silly get     'cache-control': 'max-age=60',
20 silly get     'content-length': '31028',
20 silly get     'accept-ranges': 'bytes',
20 silly get     date: 'Mon, 09 Nov 2015 14:54:35 GMT',
20 silly get     via: '1.1 varnish',
20 silly get     age: '0',
20 silly get     connection: 'keep-alive',
20 silly get     'x-served-by': 'cache-lcy1126-LCY',
20 silly get     'x-cache': 'HIT',
20 silly get     'x-cache-hits': '1',
20 silly get     'x-timer': 'S1447080875.857236,VS0,VE100',
20 silly get     vary: 'Accept' } ]
21 verbose get saving ios-deploy to /Users/anthony/.npm/registry.npmjs.org/ios-deploy/.cache.json
22 silly install normalizeTree
23 silly loadCurrentTree Finishing
24 silly loadIdealTree Starting
25 silly install loadIdealTree
26 silly cloneCurrentTree Starting
27 silly install cloneCurrentTreeToIdealTree
28 silly cloneCurrentTree Finishing
29 silly loadShrinkwrap Starting
30 silly install loadShrinkwrap
31 silly loadShrinkwrap Finishing
32 silly loadAllDepsIntoIdealTree Starting
33 silly install loadAllDepsIntoIdealTree
34 silly resolveWithNewModule ios-deploy@1.8.2 checking installable status
35 silly cache add args [ 'ios-deploy', null ]
36 verbose cache add spec ios-deploy
37 silly cache add parsed spec { raw: 'ios-deploy',
37 silly cache add   scope: null,
37 silly cache add   name: 'ios-deploy',
37 silly cache add   rawSpec: '',
37 silly cache add   spec: '*',
37 silly cache add   type: 'range' }
38 silly addNamed ios-deploy@*
39 verbose addNamed "*" is a valid semver range for ios-deploy
40 silly addNameRange { name: 'ios-deploy', range: '*', hasData: false }
41 silly mapToRegistry name ios-deploy
42 silly mapToRegistry using default registry
43 silly mapToRegistry registry https://registry.npmjs.org/
44 silly mapToRegistry uri https://registry.npmjs.org/ios-deploy
45 verbose addNameRange registry:https://registry.npmjs.org/ios-deploy not in flight; fetching
46 verbose get https://registry.npmjs.org/ios-deploy not expired, no request
47 silly addNameRange number 2 { name: 'ios-deploy', range: '*', hasData: true }
48 silly addNameRange versions [ 'ios-deploy',
48 silly addNameRange   [ '1.0.1',
48 silly addNameRange     '1.0.2',
48 silly addNameRange     '1.0.3',
48 silly addNameRange     '1.0.4',
48 silly addNameRange     '1.0.5',
48 silly addNameRange     '1.0.6',
48 silly addNameRange     '1.0.7',
48 silly addNameRange     '1.0.8',
48 silly addNameRange     '1.0.9',
48 silly addNameRange     '1.1.0',
48 silly addNameRange     '1.2.0',
48 silly addNameRange     '1.3.0',
48 silly addNameRange     '1.3.1',
48 silly addNameRange     '1.3.2',
48 silly addNameRange     '1.4.0',
48 silly addNameRange     '1.5.0',
48 silly addNameRange     '1.6.0',
48 silly addNameRange     '1.6.1',
48 silly addNameRange     '1.6.2',
48 silly addNameRange     '1.6.3',
48 silly addNameRange     '1.7.0',
48 silly addNameRange     '1.8.0',
48 silly addNameRange     '1.8.1',
48 silly addNameRange     '1.8.2' ] ]
49 silly addNamed ios-deploy@1.8.2
50 verbose addNamed "1.8.2" is a plain semver version for ios-deploy
51 silly mapToRegistry name ios-deploy
52 silly mapToRegistry using default registry
53 silly mapToRegistry registry https://registry.npmjs.org/
54 silly mapToRegistry uri https://registry.npmjs.org/ios-deploy
55 verbose addRemoteTarball https://registry.npmjs.org/ios-deploy/-/ios-deploy-1.8.2.tgz not in flight; adding
56 verbose addRemoteTarball [ 'https://registry.npmjs.org/ios-deploy/-/ios-deploy-1.8.2.tgz',
56 verbose addRemoteTarball   '7c03fe975a818c40c8d87a075da5335797de2d5e' ]
57 info retry fetch attempt 1 at 14:54:36
58 info attempt registry request try #1 at 14:54:36
59 http fetch GET https://registry.npmjs.org/ios-deploy/-/ios-deploy-1.8.2.tgz
60 http fetch 200 https://registry.npmjs.org/ios-deploy/-/ios-deploy-1.8.2.tgz
61 silly fetchAndShaCheck shasum 7c03fe975a818c40c8d87a075da5335797de2d5e
62 verbose addTmpTarball /var/folders/3b/xr6c8wkj3vj7stjbpstlffy40000gn/T/npm-29060-8639465d/registry.npmjs.org/ios-deploy/-/ios-deploy-1.8.2.tgz not in flight; adding
63 verbose addTmpTarball already have metadata; skipping unpack for ios-deploy@1.8.2
64 silly cache afterAdd ios-deploy@1.8.2
65 verbose afterAdd /Users/anthony/.npm/ios-deploy/1.8.2/package/package.json not in flight; writing
66 verbose afterAdd /Users/anthony/.npm/ios-deploy/1.8.2/package/package.json written
67 silly loadAllDepsIntoIdealTree Finishing
68 silly idealTree:prePrune lib
68 silly idealTree:prePrune └── ios-deploy@1.8.2
69 silly loadIdealTree Finishing
70 silly currentTree lib
71 silly idealTree lib
71 silly idealTree └── ios-deploy@1.8.2
72 silly generateActionsToTake Starting
73 silly install generateActionsToTake
74 silly generateActionsToTake Finishing
75 silly diffTrees action count 1
76 silly diffTrees add ios-deploy@1.8.2
77 silly decomposeActions action count 8
78 silly decomposeActions fetch ios-deploy@1.8.2
79 silly decomposeActions extract ios-deploy@1.8.2
80 silly decomposeActions preinstall ios-deploy@1.8.2
81 silly decomposeActions build ios-deploy@1.8.2
82 silly decomposeActions install ios-deploy@1.8.2
83 silly decomposeActions postinstall ios-deploy@1.8.2
84 silly decomposeActions test ios-deploy@1.8.2
85 silly decomposeActions finalize ios-deploy@1.8.2
86 silly executeActions Starting
87 silly install executeActions
88 silly doSerial global-install 0
89 silly doParallel fetch 1
90 verbose lock using /Users/anthony/.npm/_locks/staging-f19c8c35f4d044df.lock for /Users/anthony/.nvm/v0.10.40/lib/node_modules/.staging
91 silly doParallel extract 1
92 silly extract ios-deploy@1.8.2
93 verbose unbuild lib/node_modules/.staging/ios-deploy-18c5ae9463c99a891fe142d98b65f012
94 silly gentlyRm /Users/anthony/.nvm/v0.10.40/lib/node_modules/.staging/ios-deploy-18c5ae9463c99a891fe142d98b65f012 is being purged from base /Users/anthony/.nvm/v0.10.40
95 verbose gentlyRm don't care about contents; nuking /Users/anthony/.nvm/v0.10.40/lib/node_modules/.staging/ios-deploy-18c5ae9463c99a891fe142d98b65f012
96 verbose tar unpack /Users/anthony/.npm/ios-deploy/1.8.2/package.tgz
97 verbose tar unpacking to /Users/anthony/.nvm/v0.10.40/lib/node_modules/.staging/ios-deploy-18c5ae9463c99a891fe142d98b65f012
98 silly gentlyRm /Users/anthony/.nvm/v0.10.40/lib/node_modules/.staging/ios-deploy-18c5ae9463c99a891fe142d98b65f012 is being purged
99 verbose gentlyRm don't care about contents; nuking /Users/anthony/.nvm/v0.10.40/lib/node_modules/.staging/ios-deploy-18c5ae9463c99a891fe142d98b65f012
100 silly gunzTarPerm modes [ '755', '644' ]
101 silly gunzTarPerm extractEntry package.json
102 silly gunzTarPerm extractEntry .npmignore
103 silly gunzTarPerm extractEntry README.md
104 silly gunzTarPerm extractEntry LICENSE
105 silly gunzTarPerm extractEntry CONTRIBUTING.md
106 silly gunzTarPerm extractEntry demo/.npmignore
107 silly gunzTarPerm extractEntry demo/Entitlements.plist
108 silly gunzTarPerm extractEntry demo/Info.plist
109 silly gunzTarPerm extractEntry demo/Makefile
110 silly gunzTarPerm extractEntry demo/ResourceRules.plist
111 silly gunzTarPerm extractEntry demo/demo.c
112 silly gunzTarPerm extractEntry ios-deploy.xcodeproj/project.pbxproj
113 silly gunzTarPerm extractEntry src/check_reqs.js
114 silly gunzTarPerm extractEntry src/MobileDevice.h
115 silly gunzTarPerm extractEntry src/errors.h
116 silly gunzTarPerm extractEntry src/ios-deploy.c
117 silly doParallel preinstall 1
118 silly preinstall ios-deploy@1.8.2 /Users/anthony/.nvm/v0.10.40/lib/node_modules/.staging/ios-deploy-18c5ae9463c99a891fe142d98b65f012
119 info lifecycle ios-deploy@1.8.2~preinstall: ios-deploy@1.8.2
120 verbose lifecycle ios-deploy@1.8.2~preinstall: unsafe-perm in lifecycle true
121 verbose lifecycle ios-deploy@1.8.2~preinstall: PATH: /Users/anthony/.nvm/v0.10.40/lib/node_modules/npm/bin/node-gyp-bin:/Users/anthony/.nvm/v0.10.40/lib/node_modules/.staging/ios-deploy-18c5ae9463c99a891fe142d98b65f012/node_modules/.bin:/Users/anthony/.nvm/v0.10.40/lib/node_modules/.bin:/Users/anthony/.nvm/v0.10.40/bin:/Users/anthony/.rvm/gems/ruby-2.2.1/bin:/Users/anthony/.rvm/gems/ruby-2.2.1@global/bin:/Users/anthony/.rvm/rubies/ruby-2.2.1/bin:/usr/local/bin:/usr/bin:/bin:/usr/sbin:/sbin:/Users/anthony/.rvm/bin:/Users/anthony/.rvm/bin
122 verbose lifecycle ios-deploy@1.8.2~preinstall: CWD: /Users/anthony/.nvm/v0.10.40/lib/node_modules/.staging/ios-deploy-18c5ae9463c99a891fe142d98b65f012
123 silly lifecycle ios-deploy@1.8.2~preinstall: Args: [ '-c', './src/check_reqs.js && xcodebuild' ]
124 silly lifecycle ios-deploy@1.8.2~preinstall: Returned: code: 1  signal: null
125 info lifecycle ios-deploy@1.8.2~preinstall: Failed to exec preinstall script
126 verbose unlock done using /Users/anthony/.npm/_locks/staging-f19c8c35f4d044df.lock for /Users/anthony/.nvm/v0.10.40/lib/node_modules/.staging
127 silly rollbackFailedOptional Starting
128 silly rollbackFailedOptional Finishing
129 silly runTopLevelLifecycles Starting
130 silly runTopLevelLifecycles Finishing
131 silly install printInstalled
132 verbose stack Error: ios-deploy@1.8.2 preinstall: `./src/check_reqs.js && xcodebuild`
132 verbose stack Exit status 1
132 verbose stack     at EventEmitter.<anonymous> (/Users/anthony/.nvm/v0.10.40/lib/node_modules/npm/lib/utils/lifecycle.js:232:16)
132 verbose stack     at EventEmitter.emit (events.js:98:17)
132 verbose stack     at ChildProcess.<anonymous> (/Users/anthony/.nvm/v0.10.40/lib/node_modules/npm/lib/utils/spawn.js:24:14)
132 verbose stack     at ChildProcess.emit (events.js:98:17)
132 verbose stack     at maybeClose (child_process.js:766:16)
132 verbose stack     at Process.ChildProcess._handle.onexit (child_process.js:833:5)
133 verbose pkgid ios-deploy@1.8.2
134 verbose cwd /Users/anthony/dev/week10/final_project/checkpoint_game
135 error Darwin 14.0.0
136 error argv "node" "/Users/anthony/.nvm/v0.10.40/bin/npm" "install" "-g" "ios-deploy"
137 error node v0.10.40
138 error npm  v3.3.12
139 error code ELIFECYCLE
140 error ios-deploy@1.8.2 preinstall: `./src/check_reqs.js && xcodebuild`
140 error Exit status 1
141 error Failed at the ios-deploy@1.8.2 preinstall script './src/check_reqs.js && xcodebuild'.
141 error Make sure you have the latest version of node.js and npm installed.
141 error If you do, this is most likely a problem with the ios-deploy package,
141 error not with npm itself.
141 error Tell the author that this fails on your system:
141 error     ./src/check_reqs.js && xcodebuild
141 error You can get their info via:
141 error     npm owner ls ios-deploy
141 error There is likely additional logging output above.
142 verbose exit [ 1, true ]
